# JRE version: OpenJDK Runtime Environment (21.0+35) (build 21+35-2513)
# Java VM: OpenJDK 64-Bit Server VM (21+35-2513, mixed mode, sharing, tiered, compressed oops, compressed class ptrs, g1 gc, bsd-aarch64)
GC Precious Log:
 CardTable entry size: 512
 Card Set container configuration: InlinePtr #cards 5 size 8 Array Of Cards #cards 12 size 40 Howl #buckets 4 coarsen threshold 1843 Howl Bitmap #cards 512 size 80 coarsen threshold 460 Card regions per heap region 1 cards per card region 2048
 CPUs: 8 total, 8 available
 Memory: 8192M
 Large Page Support: Disabled
 NUMA Support: Disabled
 Compressed Oops: Enabled (Zero based)
 Heap Region Size: 1M
 Heap Min Capacity: 8M
 Heap Initial Capacity: 128M
 Heap Max Capacity: 2G
 Pre-touch: Disabled
 Parallel Workers: 8
 Concurrent Workers: 2
 Concurrent Refinement Workers: 8
 Periodic GC: Disabled
Heap:
 garbage-first heap   total 75776K, used 37976K [0x0000000780000000, 0x0000000800000000)
  region size 1024K, 8 young (8192K), 4 survivors (4096K)
 Metaspace       used 75888K, committed 76544K, reserved 1179648K
  class space    used 10291K, committed 10560K, reserved 1048576K
GC Heap History (20 events):
Event: 1.045 GC heap before
{Heap before GC invocations=2 (full 0):
 garbage-first heap   total 133120K, used 63402K [0x0000000780000000, 0x0000000800000000)
  region size 1024K, 56 young (57344K), 3 survivors (3072K)
 Metaspace       used 21196K, committed 21504K, reserved 1114112K
  class space    used 2591K, committed 2752K, reserved 1048576K
}
Event: 1.048 GC heap after
{Heap after GC invocations=3 (full 0):
 garbage-first heap   total 133120K, used 13976K [0x0000000780000000, 0x0000000800000000)
  region size 1024K, 7 young (7168K), 7 survivors (7168K)
 Metaspace       used 21196K, committed 21504K, reserved 1114112K
  class space    used 2591K, committed 2752K, reserved 1048576K
}
Event: 1.521 GC heap before
{Heap before GC invocations=4 (full 0):
 garbage-first heap   total 58368K, used 55960K [0x0000000780000000, 0x0000000800000000)
  region size 1024K, 48 young (49152K), 7 survivors (7168K)
 Metaspace       used 29272K, committed 29824K, reserved 1114112K
  class space    used 3675K, committed 3904K, reserved 1048576K
}
Event: 1.530 GC heap after
{Heap after GC invocations=5 (full 0):
 garbage-first heap   total 70656K, used 18939K [0x0000000780000000, 0x0000000800000000)
  region size 1024K, 9 young (9216K), 9 survivors (9216K)
 Metaspace       used 29272K, committed 29824K, reserved 1114112K
  class space    used 3675K, committed 3904K, reserved 1048576K
}
Event: 1.763 GC heap before
{Heap before GC invocations=5 (full 0):
 garbage-first heap   total 70656K, used 42491K [0x0000000780000000, 0x0000000800000000)
  region size 1024K, 33 young (33792K), 9 survivors (9216K)
 Metaspace       used 35409K, committed 35968K, reserved 1114112K
  class space    used 4596K, committed 4864K, reserved 1048576K
}
Event: 1.767 GC heap after
{Heap after GC invocations=6 (full 0):
 garbage-first heap   total 70656K, used 20270K [0x0000000780000000, 0x0000000800000000)
  region size 1024K, 2 young (2048K), 2 survivors (2048K)
 Metaspace       used 35409K, committed 35968K, reserved 1114112K
  class space    used 4596K, committed 4864K, reserved 1048576K
}
Event: 1.783 GC heap before
{Heap before GC invocations=6 (full 0):
 garbage-first heap   total 70656K, used 21294K [0x0000000780000000, 0x0000000800000000)
  region size 1024K, 4 young (4096K), 2 survivors (2048K)
 Metaspace       used 35774K, committed 36288K, reserved 1114112K
  class space    used 4630K, committed 4864K, reserved 1048576K
}
Event: 1.784 GC heap after
{Heap after GC invocations=7 (full 0):
 garbage-first heap   total 84992K, used 19901K [0x0000000780000000, 0x0000000800000000)
  region size 1024K, 2 young (2048K), 2 survivors (2048K)
 Metaspace       used 35774K, committed 36288K, reserved 1114112K
  class space    used 4630K, committed 4864K, reserved 1048576K
}
Event: 2.285 GC heap before
{Heap before GC invocations=8 (full 0):
 garbage-first heap   total 75776K, used 62909K [0x0000000780000000, 0x0000000800000000)
  region size 1024K, 44 young (45056K), 2 survivors (2048K)
 Metaspace       used 51963K, committed 52544K, reserved 1114112K
  class space    used 6700K, committed 6976K, reserved 1048576K
}
Event: 2.288 GC heap after
{Heap after GC invocations=9 (full 0):
 garbage-first heap   total 75776K, used 23475K [0x0000000780000000, 0x0000000800000000)
  region size 1024K, 5 young (5120K), 5 survivors (5120K)
 Metaspace       used 51963K, committed 52544K, reserved 1114112K
  class space    used 6700K, committed 6976K, reserved 1048576K
}
Event: 2.624 GC heap before
{Heap before GC invocations=9 (full 0):
 garbage-first heap   total 75776K, used 63411K [0x0000000780000000, 0x0000000800000000)
  region size 1024K, 44 young (45056K), 5 survivors (5120K)
 Metaspace       used 60333K, committed 60928K, reserved 1114112K
  class space    used 7927K, committed 8192K, reserved 1048576K
}
Event: 2.628 GC heap after
{Heap after GC invocations=10 (full 0):
 garbage-first heap   total 75776K, used 25411K [0x0000000780000000, 0x0000000800000000)
  region size 1024K, 3 young (3072K), 3 survivors (3072K)
 Metaspace       used 60333K, committed 60928K, reserved 1114112K
  class space    used 7927K, committed 8192K, reserved 1048576K
}
Event: 2.641 GC heap before
{Heap before GC invocations=10 (full 0):
 garbage-first heap   total 75776K, used 26435K [0x0000000780000000, 0x0000000800000000)
  region size 1024K, 5 young (5120K), 3 survivors (3072K)
 Metaspace       used 60645K, committed 61248K, reserved 1114112K
  class space    used 7992K, committed 8256K, reserved 1048576K
}
Event: 2.643 GC heap after
{Heap after GC invocations=11 (full 0):
 garbage-first heap   total 75776K, used 25358K [0x0000000780000000, 0x0000000800000000)
  region size 1024K, 3 young (3072K), 3 survivors (3072K)
 Metaspace       used 60645K, committed 61248K, reserved 1114112K
  class space    used 7992K, committed 8256K, reserved 1048576K
}
Event: 3.242 GC heap before
{Heap before GC invocations=12 (full 0):
 garbage-first heap   total 75776K, used 64270K [0x0000000780000000, 0x0000000800000000)
  region size 1024K, 41 young (41984K), 3 survivors (3072K)
 Metaspace       used 65717K, committed 66368K, reserved 1114112K
  class space    used 8924K, committed 9216K, reserved 1048576K
}
Event: 3.244 GC heap after
{Heap after GC invocations=13 (full 0):
 garbage-first heap   total 75776K, used 28212K [0x0000000780000000, 0x0000000800000000)
  region size 1024K, 6 young (6144K), 6 survivors (6144K)
 Metaspace       used 65717K, committed 66368K, reserved 1114112K
  class space    used 8924K, committed 9216K, reserved 1048576K
}
Event: 3.788 GC heap before
{Heap before GC invocations=13 (full 0):
 garbage-first heap   total 75776K, used 63028K [0x0000000780000000, 0x0000000800000000)
  region size 1024K, 40 young (40960K), 6 survivors (6144K)
 Metaspace       used 70629K, committed 71360K, reserved 1114112K
  class space    used 9629K, committed 9984K, reserved 1048576K
}
Event: 3.792 GC heap after
{Heap after GC invocations=14 (full 0):
 garbage-first heap   total 75776K, used 31381K [0x0000000780000000, 0x0000000800000000)
  region size 1024K, 4 young (4096K), 4 survivors (4096K)
 Metaspace       used 70629K, committed 71360K, reserved 1114112K
  class space    used 9629K, committed 9984K, reserved 1048576K
}
Event: 61.795 GC heap before
{Heap before GC invocations=14 (full 0):
 garbage-first heap   total 75776K, used 64149K [0x0000000780000000, 0x0000000800000000)
  region size 1024K, 37 young (37888K), 4 survivors (4096K)
 Metaspace       used 75658K, committed 76288K, reserved 1179648K
  class space    used 10281K, committed 10560K, reserved 1048576K
}
Event: 61.801 GC heap after
{Heap after GC invocations=15 (full 0):
 garbage-first heap   total 75776K, used 34904K [0x0000000780000000, 0x0000000800000000)
  region size 1024K, 4 young (4096K), 4 survivors (4096K)
 Metaspace       used 75658K, committed 76288K, reserved 1179648K
  class space    used 10281K, committed 10560K, reserved 1048576K
}

